<?xml version="1.0" encoding="UTF-8"?>
<testng-results skipped="0" failed="0" ignored="0" total="1" passed="1">
  <reporter-output>
  </reporter-output>
  <suite name="Suite" duration-ms="1404" started-at="2018-05-28T21:21:17Z" finished-at="2018-05-28T21:21:18Z">
    <groups>
    </groups>
    <test name="Test" duration-ms="1404" started-at="2018-05-28T21:21:17Z" finished-at="2018-05-28T21:21:18Z">
      <class name="JsonObject.JsonApiObj.JsonApitest">
        <test-method status="PASS" signature="apiTest()[pri:0, instance:JsonObject.JsonApiObj.JsonApitest@70fda8]" name="apiTest" duration-ms="1357" started-at="2018-05-28T21:21:17Z" finished-at="2018-05-28T21:21:18Z">
          <reporter-output>
          </reporter-output>
        </test-method> <!-- apiTest -->
      </class> <!-- JsonObject.JsonApiObj.JsonApitest -->
    </test> <!-- Test -->
  </suite> <!-- Suite -->
</testng-results>
